<?xml version="1.0" encoding="UTF-8"?>
<testsuites name="jest tests" tests="2" failures="0" errors="0" time="10.25">
  <testsuite name="HAWKServerEngine" errors="0" failures="0" skipped="0" timestamp="2022-06-11T13:05:02" time="10.115" tests="2">
    <testcase classname="HAWKServerEngine verification with payload simple" name="HAWKServerEngine verification with payload simple" time="4.058">
    </testcase>
    <testcase classname="HAWKServerEngine verification with payload simple that fails" name="HAWKServerEngine verification with payload simple that fails" time="4.011">
    </testcase>
  </testsuite>
</testsuites>